<?xml version="1.0" encoding="UTF-8"?>
<!-- Generated by org.testng.reporters.JUnitXMLReporter -->
<testsuite ignored="2" hostname="Balajis-MacBook-Pro.local" failures="0" tests="1" name="Default test" time="13.08" errors="0" timestamp="2024-01-04T15:36:27 CST">
  <testcase classname="standalone.Standalone" name="test" time="9.281"/>
  <testcase classname="standalone.Standalone" name="test2" time="0.0">
    <ignored/>
  </testcase> <!-- test2 -->
  <testcase classname="standalone.Standalone" name="writeDatatoExcel" time="0.0">
    <ignored/>
  </testcase> <!-- writeDatatoExcel -->
</testsuite> <!-- Default test -->
