<?xml version="1.0" encoding="UTF-8"?>
<testng-results ignored="2" total="3" passed="1" failed="0" skipped="0">
  <reporter-output>
  </reporter-output>
  <suite started-at="2024-01-04T15:36:14 CST" name="Default suite" finished-at="2024-01-04T15:36:27 CST" duration-ms="13080">
    <groups>
    </groups>
    <test started-at="2024-01-04T15:36:14 CST" name="Default test" finished-at="2024-01-04T15:36:27 CST" duration-ms="13080">
      <class name="standalone.Standalone">
        <test-method is-config="true" signature="setup()[pri:0, instance:standalone.Standalone@7f010382]" started-at="2024-01-04T15:36:14 CST" name="setup" finished-at="2024-01-04T15:36:17 CST" duration-ms="3643" status="PASS">
          <reporter-output>
          </reporter-output>
        </test-method> <!-- setup -->
        <test-method signature="test()[pri:0, instance:standalone.Standalone@7f010382]" started-at="2024-01-04T15:36:17 CST" name="test" finished-at="2024-01-04T15:36:27 CST" duration-ms="9281" status="PASS">
          <reporter-output>
          </reporter-output>
        </test-method> <!-- test -->
        <test-method is-config="true" signature="teardown()[pri:0, instance:standalone.Standalone@7f010382]" started-at="2024-01-04T15:36:27 CST" name="teardown" finished-at="2024-01-04T15:36:27 CST" duration-ms="136" status="PASS">
          <reporter-output>
          </reporter-output>
        </test-method> <!-- teardown -->
      </class> <!-- standalone.Standalone -->
    </test> <!-- Default test -->
  </suite> <!-- Default suite -->
</testng-results>
