<?xml version="1.0" encoding="UTF-8"?>
<testng-results ignored="0" total="1" passed="1" failed="0" skipped="0">
  <reporter-output>
  </reporter-output>
  <suite started-at="2024-01-04T17:20:04 CST" name="Default suite" finished-at="2024-01-04T17:20:12 CST" duration-ms="7376">
    <groups>
    </groups>
    <test started-at="2024-01-04T17:20:04 CST" name="Default test" finished-at="2024-01-04T17:20:12 CST" duration-ms="7376">
      <class name="tests.Test1">
        <test-method is-config="true" signature="loadPropertyFile()[pri:0, instance:tests.Test1@5ccddd20]" started-at="2024-01-04T17:20:04 CST" name="loadPropertyFile" finished-at="2024-01-04T17:20:04 CST" duration-ms="7" status="PASS">
          <reporter-output>
          </reporter-output>
        </test-method> <!-- loadPropertyFile -->
        <test-method is-config="true" signature="launchDriver()[pri:0, instance:tests.Test1@5ccddd20]" started-at="2024-01-04T17:20:04 CST" name="launchDriver" finished-at="2024-01-04T17:20:08 CST" duration-ms="3817" status="PASS">
          <reporter-output>
          </reporter-output>
        </test-method> <!-- launchDriver -->
        <test-method signature="getAuthorDetails()[pri:0, instance:tests.Test1@5ccddd20]" started-at="2024-01-04T17:20:08 CST" name="getAuthorDetails" finished-at="2024-01-04T17:20:11 CST" duration-ms="2390" status="PASS">
          <reporter-output>
          </reporter-output>
        </test-method> <!-- getAuthorDetails -->
        <test-method is-config="true" signature="teardown()[pri:0, instance:tests.Test1@5ccddd20]" started-at="2024-01-04T17:20:11 CST" name="teardown" finished-at="2024-01-04T17:20:12 CST" duration-ms="1145" status="PASS">
          <reporter-output>
          </reporter-output>
        </test-method> <!-- teardown -->
      </class> <!-- tests.Test1 -->
    </test> <!-- Default test -->
  </suite> <!-- Default suite -->
</testng-results>
